2021-07-27 10:29:19.949  INFO 15152 --- [main] .t.TutorManagementSystemApplicationTests : Starting TutorManagementSystemApplicationTests using Java 15.0.2 on eon-prajyotw with PID 15152 (started by prajyotw in C:\Users\prajyotw\Desktop\Github\G2\MAJOR-PROJECT\TutorManagementSystem)
2021-07-27 10:29:19.951  INFO 15152 --- [main] .t.TutorManagementSystemApplicationTests : No active profile set, falling back to default profiles: default
2021-07-27 10:29:20.438  INFO 15152 --- [main] .s.d.r.c.RepositoryConfigurationDelegate : Bootstrapping Spring Data JPA repositories in DEFAULT mode.
2021-07-27 10:29:20.498  INFO 15152 --- [main] .s.d.r.c.RepositoryConfigurationDelegate : Finished Spring Data repository scanning in 53 ms. Found 6 JPA repository interfaces.
2021-07-27 10:29:21.214  INFO 15152 --- [main] o.hibernate.jpa.internal.util.LogHelper  : HHH000204: Processing PersistenceUnitInfo [name: default]
2021-07-27 10:29:21.270  INFO 15152 --- [main] org.hibernate.Version                    : HHH000412: Hibernate ORM core version 5.4.32.Final
2021-07-27 10:29:21.404  INFO 15152 --- [main] o.hibernate.annotations.common.Version   : HCANN000001: Hibernate Commons Annotations {5.1.2.Final}
2021-07-27 10:29:21.549  INFO 15152 --- [main] com.zaxxer.hikari.HikariDataSource       : HikariPool-1 - Starting...
2021-07-27 10:29:21.708  INFO 15152 --- [main] com.zaxxer.hikari.HikariDataSource       : HikariPool-1 - Start completed.
2021-07-27 10:29:21.739  INFO 15152 --- [main] org.hibernate.dialect.Dialect            : HHH000400: Using dialect: org.hibernate.dialect.MySQL8Dialect
2021-07-27 10:29:22.493  INFO 15152 --- [main] o.h.e.t.j.p.i.JtaPlatformInitiator       : HHH000490: Using JtaPlatform implementation: [org.hibernate.engine.transaction.jta.platform.internal.NoJtaPlatform]
2021-07-27 10:29:22.509  INFO 15152 --- [main] j.LocalContainerEntityManagerFactoryBean : Initialized JPA EntityManagerFactory for persistence unit 'default'
2021-07-27 10:29:22.932  WARN 15152 --- [main] JpaBaseConfiguration$JpaWebConfiguration : spring.jpa.open-in-view is enabled by default. Therefore, database queries may be performed during view rendering. Explicitly configure spring.jpa.open-in-view to disable this warning
2021-07-27 10:29:23.997  INFO 15152 --- [main] o.s.s.web.DefaultSecurityFilterChain     : Will secure any request with [org.springframework.security.web.context.request.async.WebAsyncManagerIntegrationFilter@6915351c, org.springframework.security.web.context.SecurityContextPersistenceFilter@19d3f4fb, org.springframework.security.web.header.HeaderWriterFilter@22a1d77b, org.springframework.web.filter.CorsFilter@2ac0cb64, org.springframework.security.web.authentication.logout.LogoutFilter@7e5c8c80, com.cybage.config.CustomJwtAuthenticationFilter@5a35ae82, org.springframework.security.web.savedrequest.RequestCacheAwareFilter@356ab368, org.springframework.security.web.servletapi.SecurityContextHolderAwareRequestFilter@5cb32140, org.springframework.security.web.authentication.AnonymousAuthenticationFilter@7be3a837, org.springframework.security.web.session.SessionManagementFilter@80b6098, org.springframework.security.web.access.ExceptionTranslationFilter@689ea211, org.springframework.security.web.access.intercept.FilterSecurityInterceptor@3687b83c]
2021-07-27 10:29:24.542  INFO 15152 --- [main] .t.TutorManagementSystemApplicationTests : Started TutorManagementSystemApplicationTests in 4.847 seconds (JVM running for 5.917)
2021-07-27 10:29:24.774  INFO 15152 --- [SpringApplicationShutdownHook] j.LocalContainerEntityManagerFactoryBean : Closing JPA EntityManagerFactory for persistence unit 'default'
2021-07-27 10:29:24.777  INFO 15152 --- [SpringApplicationShutdownHook] com.zaxxer.hikari.HikariDataSource       : HikariPool-1 - Shutdown initiated...
2021-07-27 10:29:24.786  INFO 15152 --- [SpringApplicationShutdownHook] com.zaxxer.hikari.HikariDataSource       : HikariPool-1 - Shutdown completed.
2021-07-27 10:41:32.330  INFO 12616 --- [main] .t.TutorManagementSystemApplicationTests : Starting TutorManagementSystemApplicationTests using Java 15.0.2 on eon-prajyotw with PID 12616 (started by prajyotw in C:\Users\prajyotw\Desktop\Github\G2\MAJOR-PROJECT\TutorManagementSystem)
2021-07-27 10:41:32.333  INFO 12616 --- [main] .t.TutorManagementSystemApplicationTests : No active profile set, falling back to default profiles: default
2021-07-27 10:41:32.823  INFO 12616 --- [main] .s.d.r.c.RepositoryConfigurationDelegate : Bootstrapping Spring Data JPA repositories in DEFAULT mode.
2021-07-27 10:41:32.882  INFO 12616 --- [main] .s.d.r.c.RepositoryConfigurationDelegate : Finished Spring Data repository scanning in 51 ms. Found 6 JPA repository interfaces.
2021-07-27 10:41:33.598  INFO 12616 --- [main] o.hibernate.jpa.internal.util.LogHelper  : HHH000204: Processing PersistenceUnitInfo [name: default]
2021-07-27 10:41:33.654  INFO 12616 --- [main] org.hibernate.Version                    : HHH000412: Hibernate ORM core version 5.4.32.Final
2021-07-27 10:41:33.788  INFO 12616 --- [main] o.hibernate.annotations.common.Version   : HCANN000001: Hibernate Commons Annotations {5.1.2.Final}
2021-07-27 10:41:33.936  INFO 12616 --- [main] com.zaxxer.hikari.HikariDataSource       : HikariPool-1 - Starting...
2021-07-27 10:41:34.096  INFO 12616 --- [main] com.zaxxer.hikari.HikariDataSource       : HikariPool-1 - Start completed.
2021-07-27 10:41:34.126  INFO 12616 --- [main] org.hibernate.dialect.Dialect            : HHH000400: Using dialect: org.hibernate.dialect.MySQL8Dialect
2021-07-27 10:41:34.883  INFO 12616 --- [main] o.h.e.t.j.p.i.JtaPlatformInitiator       : HHH000490: Using JtaPlatform implementation: [org.hibernate.engine.transaction.jta.platform.internal.NoJtaPlatform]
2021-07-27 10:41:34.892  INFO 12616 --- [main] j.LocalContainerEntityManagerFactoryBean : Initialized JPA EntityManagerFactory for persistence unit 'default'
2021-07-27 10:41:35.293  WARN 12616 --- [main] JpaBaseConfiguration$JpaWebConfiguration : spring.jpa.open-in-view is enabled by default. Therefore, database queries may be performed during view rendering. Explicitly configure spring.jpa.open-in-view to disable this warning
2021-07-27 10:41:36.350  INFO 12616 --- [main] o.s.s.web.DefaultSecurityFilterChain     : Will secure any request with [org.springframework.security.web.context.request.async.WebAsyncManagerIntegrationFilter@39dee5fd, org.springframework.security.web.context.SecurityContextPersistenceFilter@fd5c7f6, org.springframework.security.web.header.HeaderWriterFilter@442151d1, org.springframework.web.filter.CorsFilter@1b897ffb, org.springframework.security.web.authentication.logout.LogoutFilter@211cf27b, com.cybage.config.CustomJwtAuthenticationFilter@259aec72, org.springframework.security.web.savedrequest.RequestCacheAwareFilter@291522f1, org.springframework.security.web.servletapi.SecurityContextHolderAwareRequestFilter@77604a86, org.springframework.security.web.authentication.AnonymousAuthenticationFilter@2ec258f1, org.springframework.security.web.session.SessionManagementFilter@54f62ac6, org.springframework.security.web.access.ExceptionTranslationFilter@49faf815, org.springframework.security.web.access.intercept.FilterSecurityInterceptor@58e0d1ac]
2021-07-27 10:41:36.884  INFO 12616 --- [main] .t.TutorManagementSystemApplicationTests : Started TutorManagementSystemApplicationTests in 4.811 seconds (JVM running for 5.864)
2021-07-27 10:41:37.119  INFO 12616 --- [SpringApplicationShutdownHook] j.LocalContainerEntityManagerFactoryBean : Closing JPA EntityManagerFactory for persistence unit 'default'
2021-07-27 10:41:37.121  INFO 12616 --- [SpringApplicationShutdownHook] com.zaxxer.hikari.HikariDataSource       : HikariPool-1 - Shutdown initiated...
2021-07-27 10:41:37.134  INFO 12616 --- [SpringApplicationShutdownHook] com.zaxxer.hikari.HikariDataSource       : HikariPool-1 - Shutdown completed.
2021-07-27 10:43:06.299  INFO 4680 --- [main] .t.TutorManagementSystemApplicationTests : Starting TutorManagementSystemApplicationTests using Java 15.0.2 on eon-prajyotw with PID 4680 (started by prajyotw in C:\Users\prajyotw\Desktop\Github\G2\MAJOR-PROJECT\TutorManagementSystem)
2021-07-27 10:43:06.301  INFO 4680 --- [main] .t.TutorManagementSystemApplicationTests : No active profile set, falling back to default profiles: default
2021-07-27 10:43:06.782  INFO 4680 --- [main] .s.d.r.c.RepositoryConfigurationDelegate : Bootstrapping Spring Data JPA repositories in DEFAULT mode.
2021-07-27 10:43:06.840  INFO 4680 --- [main] .s.d.r.c.RepositoryConfigurationDelegate : Finished Spring Data repository scanning in 51 ms. Found 6 JPA repository interfaces.
2021-07-27 10:43:07.573  INFO 4680 --- [main] o.hibernate.jpa.internal.util.LogHelper  : HHH000204: Processing PersistenceUnitInfo [name: default]
2021-07-27 10:43:07.628  INFO 4680 --- [main] org.hibernate.Version                    : HHH000412: Hibernate ORM core version 5.4.32.Final
2021-07-27 10:43:07.764  INFO 4680 --- [main] o.hibernate.annotations.common.Version   : HCANN000001: Hibernate Commons Annotations {5.1.2.Final}
2021-07-27 10:43:07.902  INFO 4680 --- [main] com.zaxxer.hikari.HikariDataSource       : HikariPool-1 - Starting...
2021-07-27 10:43:08.050  INFO 4680 --- [main] com.zaxxer.hikari.HikariDataSource       : HikariPool-1 - Start completed.
2021-07-27 10:43:08.079  INFO 4680 --- [main] org.hibernate.dialect.Dialect            : HHH000400: Using dialect: org.hibernate.dialect.MySQL8Dialect
2021-07-27 10:43:08.812  INFO 4680 --- [main] o.h.e.t.j.p.i.JtaPlatformInitiator       : HHH000490: Using JtaPlatform implementation: [org.hibernate.engine.transaction.jta.platform.internal.NoJtaPlatform]
2021-07-27 10:43:08.821  INFO 4680 --- [main] j.LocalContainerEntityManagerFactoryBean : Initialized JPA EntityManagerFactory for persistence unit 'default'
2021-07-27 10:43:09.240  WARN 4680 --- [main] JpaBaseConfiguration$JpaWebConfiguration : spring.jpa.open-in-view is enabled by default. Therefore, database queries may be performed during view rendering. Explicitly configure spring.jpa.open-in-view to disable this warning
2021-07-27 10:43:10.284  INFO 4680 --- [main] o.s.s.web.DefaultSecurityFilterChain     : Will secure any request with [org.springframework.security.web.context.request.async.WebAsyncManagerIntegrationFilter@663cc8c9, org.springframework.security.web.context.SecurityContextPersistenceFilter@5f596a1a, org.springframework.security.web.header.HeaderWriterFilter@4560eb15, org.springframework.web.filter.CorsFilter@51c15508, org.springframework.security.web.authentication.logout.LogoutFilter@3cfab56d, com.cybage.config.CustomJwtAuthenticationFilter@c79780, org.springframework.security.web.savedrequest.RequestCacheAwareFilter@77604a86, org.springframework.security.web.servletapi.SecurityContextHolderAwareRequestFilter@5b4880b3, org.springframework.security.web.authentication.AnonymousAuthenticationFilter@164cad52, org.springframework.security.web.session.SessionManagementFilter@85eba52, org.springframework.security.web.access.ExceptionTranslationFilter@79080255, org.springframework.security.web.access.intercept.FilterSecurityInterceptor@f9d8285]
2021-07-27 10:43:10.856  INFO 4680 --- [main] .t.TutorManagementSystemApplicationTests : Started TutorManagementSystemApplicationTests in 4.816 seconds (JVM running for 5.919)
2021-07-27 10:43:11.075  INFO 4680 --- [SpringApplicationShutdownHook] j.LocalContainerEntityManagerFactoryBean : Closing JPA EntityManagerFactory for persistence unit 'default'
2021-07-27 10:43:11.077  INFO 4680 --- [SpringApplicationShutdownHook] com.zaxxer.hikari.HikariDataSource       : HikariPool-1 - Shutdown initiated...
2021-07-27 10:43:11.087  INFO 4680 --- [SpringApplicationShutdownHook] com.zaxxer.hikari.HikariDataSource       : HikariPool-1 - Shutdown completed.
2021-07-27 10:43:43.266  INFO 4084 --- [restartedMain] c.c.t.TutorManagementSystemApplication   : Starting TutorManagementSystemApplication using Java 15.0.2 on eon-prajyotw with PID 4084 (C:\Users\prajyotw\Desktop\Github\G2\MAJOR-PROJECT\TutorManagementSystem\target\classes started by prajyotw in C:\Users\prajyotw\Desktop\Github\G2\MAJOR-PROJECT\TutorManagementSystem)
2021-07-27 10:43:43.269  INFO 4084 --- [restartedMain] c.c.t.TutorManagementSystemApplication   : No active profile set, falling back to default profiles: default
2021-07-27 10:43:43.306  INFO 4084 --- [restartedMain] .e.DevToolsPropertyDefaultsPostProcessor : Devtools property defaults active! Set 'spring.devtools.add-properties' to 'false' to disable
2021-07-27 10:43:43.306  INFO 4084 --- [restartedMain] .e.DevToolsPropertyDefaultsPostProcessor : For additional web related logging consider setting the 'logging.level.web' property to 'DEBUG'
2021-07-27 10:43:43.746  INFO 4084 --- [restartedMain] .s.d.r.c.RepositoryConfigurationDelegate : Bootstrapping Spring Data JPA repositories in DEFAULT mode.
2021-07-27 10:43:43.808  INFO 4084 --- [restartedMain] .s.d.r.c.RepositoryConfigurationDelegate : Finished Spring Data repository scanning in 55 ms. Found 6 JPA repository interfaces.
2021-07-27 10:43:44.453  INFO 4084 --- [restartedMain] o.s.b.w.embedded.tomcat.TomcatWebServer  : Tomcat initialized with port(s): 9090 (http)
2021-07-27 10:43:44.464  INFO 4084 --- [restartedMain] o.apache.catalina.core.StandardService   : Starting service [Tomcat]
2021-07-27 10:43:44.464  INFO 4084 --- [restartedMain] org.apache.catalina.core.StandardEngine  : Starting Servlet engine: [Apache Tomcat/9.0.48]
2021-07-27 10:43:44.556  INFO 4084 --- [restartedMain] o.a.c.c.C.[Tomcat].[localhost].[/]       : Initializing Spring embedded WebApplicationContext
2021-07-27 10:43:44.556  INFO 4084 --- [restartedMain] w.s.c.ServletWebServerApplicationContext : Root WebApplicationContext: initialization completed in 1250 ms
2021-07-27 10:43:44.797  INFO 4084 --- [restartedMain] o.hibernate.jpa.internal.util.LogHelper  : HHH000204: Processing PersistenceUnitInfo [name: default]
2021-07-27 10:43:44.835  INFO 4084 --- [restartedMain] org.hibernate.Version                    : HHH000412: Hibernate ORM core version 5.4.32.Final
2021-07-27 10:43:44.938  INFO 4084 --- [restartedMain] o.hibernate.annotations.common.Version   : HCANN000001: Hibernate Commons Annotations {5.1.2.Final}
2021-07-27 10:43:45.020  INFO 4084 --- [restartedMain] com.zaxxer.hikari.HikariDataSource       : HikariPool-1 - Starting...
2021-07-27 10:43:45.149  INFO 4084 --- [restartedMain] com.zaxxer.hikari.HikariDataSource       : HikariPool-1 - Start completed.
2021-07-27 10:43:45.173  INFO 4084 --- [restartedMain] org.hibernate.dialect.Dialect            : HHH000400: Using dialect: org.hibernate.dialect.MySQL8Dialect
2021-07-27 10:43:45.839  INFO 4084 --- [restartedMain] o.h.e.t.j.p.i.JtaPlatformInitiator       : HHH000490: Using JtaPlatform implementation: [org.hibernate.engine.transaction.jta.platform.internal.NoJtaPlatform]
2021-07-27 10:43:45.846  INFO 4084 --- [restartedMain] j.LocalContainerEntityManagerFactoryBean : Initialized JPA EntityManagerFactory for persistence unit 'default'
2021-07-27 10:43:46.152  WARN 4084 --- [restartedMain] JpaBaseConfiguration$JpaWebConfiguration : spring.jpa.open-in-view is enabled by default. Therefore, database queries may be performed during view rendering. Explicitly configure spring.jpa.open-in-view to disable this warning
2021-07-27 10:43:46.896  INFO 4084 --- [restartedMain] o.s.s.web.DefaultSecurityFilterChain     : Will secure any request with [org.springframework.security.web.context.request.async.WebAsyncManagerIntegrationFilter@19882c16, org.springframework.security.web.context.SecurityContextPersistenceFilter@7d15c9b0, org.springframework.security.web.header.HeaderWriterFilter@1be86a3c, org.springframework.web.filter.CorsFilter@3aef7dcf, org.springframework.security.web.authentication.logout.LogoutFilter@58ecfdfb, com.cybage.config.CustomJwtAuthenticationFilter@7a6f19a, org.springframework.security.web.savedrequest.RequestCacheAwareFilter@7f1544e0, org.springframework.security.web.servletapi.SecurityContextHolderAwareRequestFilter@32c651ac, org.springframework.security.web.authentication.AnonymousAuthenticationFilter@a48235b, org.springframework.security.web.session.SessionManagementFilter@a88da07, org.springframework.security.web.access.ExceptionTranslationFilter@461de6d9, org.springframework.security.web.access.intercept.FilterSecurityInterceptor@67d85d00]
2021-07-27 10:43:47.230  INFO 4084 --- [restartedMain] o.s.b.d.a.OptionalLiveReloadServer       : LiveReload server is running on port 35729
2021-07-27 10:43:47.268  INFO 4084 --- [restartedMain] o.s.b.w.embedded.tomcat.TomcatWebServer  : Tomcat started on port(s): 9090 (http) with context path ''
2021-07-27 10:43:47.274  INFO 4084 --- [restartedMain] c.c.t.TutorManagementSystemApplication   : Started TutorManagementSystemApplication in 4.3 seconds (JVM running for 4.945)
2021-07-27 10:44:02.997  INFO 4084 --- [http-nio-9090-exec-1] o.a.c.c.C.[Tomcat].[localhost].[/]       : Initializing Spring DispatcherServlet 'dispatcherServlet'
2021-07-27 10:44:02.998  INFO 4084 --- [http-nio-9090-exec-1] o.s.web.servlet.DispatcherServlet        : Initializing Servlet 'dispatcherServlet'
2021-07-27 10:44:02.999  INFO 4084 --- [http-nio-9090-exec-1] o.s.web.servlet.DispatcherServlet        : Completed initialization in 1 ms
2021-07-27 10:46:12.426  INFO 4084 --- [Thread-5] j.LocalContainerEntityManagerFactoryBean : Closing JPA EntityManagerFactory for persistence unit 'default'
2021-07-27 10:46:12.429  INFO 4084 --- [Thread-5] com.zaxxer.hikari.HikariDataSource       : HikariPool-1 - Shutdown initiated...
2021-07-27 10:46:12.434  INFO 4084 --- [Thread-5] com.zaxxer.hikari.HikariDataSource       : HikariPool-1 - Shutdown completed.
2021-07-27 10:46:12.506  INFO 4084 --- [restartedMain] c.c.t.TutorManagementSystemApplication   : Starting TutorManagementSystemApplication using Java 15.0.2 on eon-prajyotw with PID 4084 (C:\Users\prajyotw\Desktop\Github\G2\MAJOR-PROJECT\TutorManagementSystem\target\classes started by prajyotw in C:\Users\prajyotw\Desktop\Github\G2\MAJOR-PROJECT\TutorManagementSystem)
2021-07-27 10:46:12.506  INFO 4084 --- [restartedMain] c.c.t.TutorManagementSystemApplication   : No active profile set, falling back to default profiles: default
2021-07-27 10:46:12.655  INFO 4084 --- [restartedMain] .s.d.r.c.RepositoryConfigurationDelegate : Bootstrapping Spring Data JPA repositories in DEFAULT mode.
2021-07-27 10:46:12.673  INFO 4084 --- [restartedMain] .s.d.r.c.RepositoryConfigurationDelegate : Finished Spring Data repository scanning in 17 ms. Found 6 JPA repository interfaces.
2021-07-27 10:46:12.826  INFO 4084 --- [restartedMain] o.s.b.w.embedded.tomcat.TomcatWebServer  : Tomcat initialized with port(s): 9090 (http)
2021-07-27 10:46:12.827  INFO 4084 --- [restartedMain] o.apache.catalina.core.StandardService   : Starting service [Tomcat]
2021-07-27 10:46:12.827  INFO 4084 --- [restartedMain] org.apache.catalina.core.StandardEngine  : Starting Servlet engine: [Apache Tomcat/9.0.48]
2021-07-27 10:46:12.852  INFO 4084 --- [restartedMain] o.a.c.c.C.[Tomcat].[localhost].[/]       : Initializing Spring embedded WebApplicationContext
2021-07-27 10:46:12.852  INFO 4084 --- [restartedMain] w.s.c.ServletWebServerApplicationContext : Root WebApplicationContext: initialization completed in 344 ms
2021-07-27 10:46:12.897  INFO 4084 --- [restartedMain] o.hibernate.jpa.internal.util.LogHelper  : HHH000204: Processing PersistenceUnitInfo [name: default]
2021-07-27 10:46:12.901  INFO 4084 --- [restartedMain] com.zaxxer.hikari.HikariDataSource       : HikariPool-2 - Starting...
2021-07-27 10:46:12.905  INFO 4084 --- [restartedMain] com.zaxxer.hikari.HikariDataSource       : HikariPool-2 - Start completed.
2021-07-27 10:46:12.906  INFO 4084 --- [restartedMain] org.hibernate.dialect.Dialect            : HHH000400: Using dialect: org.hibernate.dialect.MySQL8Dialect
2021-07-27 10:46:13.087  INFO 4084 --- [restartedMain] o.h.e.t.j.p.i.JtaPlatformInitiator       : HHH000490: Using JtaPlatform implementation: [org.hibernate.engine.transaction.jta.platform.internal.NoJtaPlatform]
2021-07-27 10:46:13.087  INFO 4084 --- [restartedMain] j.LocalContainerEntityManagerFactoryBean : Initialized JPA EntityManagerFactory for persistence unit 'default'
2021-07-27 10:46:13.156  WARN 4084 --- [restartedMain] JpaBaseConfiguration$JpaWebConfiguration : spring.jpa.open-in-view is enabled by default. Therefore, database queries may be performed during view rendering. Explicitly configure spring.jpa.open-in-view to disable this warning
2021-07-27 10:46:13.411  INFO 4084 --- [restartedMain] o.s.s.web.DefaultSecurityFilterChain     : Will secure any request with [org.springframework.security.web.context.request.async.WebAsyncManagerIntegrationFilter@576e6004, org.springframework.security.web.context.SecurityContextPersistenceFilter@7c20b82c, org.springframework.security.web.header.HeaderWriterFilter@6dadd05b, org.springframework.web.filter.CorsFilter@59dde011, org.springframework.security.web.authentication.logout.LogoutFilter@4ee296f5, com.cybage.config.CustomJwtAuthenticationFilter@6b0b91ec, org.springframework.security.web.savedrequest.RequestCacheAwareFilter@36118ab8, org.springframework.security.web.servletapi.SecurityContextHolderAwareRequestFilter@353dab29, org.springframework.security.web.authentication.AnonymousAuthenticationFilter@60e2fdbe, org.springframework.security.web.session.SessionManagementFilter@608c5921, org.springframework.security.web.access.ExceptionTranslationFilter@25cde6c6, org.springframework.security.web.access.intercept.FilterSecurityInterceptor@39f82a5]
2021-07-27 10:46:13.468  INFO 4084 --- [restartedMain] o.s.b.d.a.OptionalLiveReloadServer       : LiveReload server is running on port 35729
2021-07-27 10:46:13.479  INFO 4084 --- [restartedMain] o.s.b.w.embedded.tomcat.TomcatWebServer  : Tomcat started on port(s): 9090 (http) with context path ''
2021-07-27 10:46:13.483  INFO 4084 --- [restartedMain] c.c.t.TutorManagementSystemApplication   : Started TutorManagementSystemApplication in 1.006 seconds (JVM running for 151.151)
2021-07-27 10:46:13.484  INFO 4084 --- [restartedMain] .ConditionEvaluationDeltaLoggingListener : Condition evaluation unchanged
2021-07-27 10:46:41.059  INFO 4084 --- [Thread-7] j.LocalContainerEntityManagerFactoryBean : Closing JPA EntityManagerFactory for persistence unit 'default'
2021-07-27 10:46:41.061  INFO 4084 --- [Thread-7] com.zaxxer.hikari.HikariDataSource       : HikariPool-2 - Shutdown initiated...
2021-07-27 10:46:41.068  INFO 4084 --- [Thread-7] com.zaxxer.hikari.HikariDataSource       : HikariPool-2 - Shutdown completed.
2021-07-27 10:46:41.160  INFO 4084 --- [restartedMain] c.c.t.TutorManagementSystemApplication   : Starting TutorManagementSystemApplication using Java 15.0.2 on eon-prajyotw with PID 4084 (C:\Users\prajyotw\Desktop\Github\G2\MAJOR-PROJECT\TutorManagementSystem\target\classes started by prajyotw in C:\Users\prajyotw\Desktop\Github\G2\MAJOR-PROJECT\TutorManagementSystem)
2021-07-27 10:46:41.160  INFO 4084 --- [restartedMain] c.c.t.TutorManagementSystemApplication   : No active profile set, falling back to default profiles: default
2021-07-27 10:46:41.299  INFO 4084 --- [restartedMain] .s.d.r.c.RepositoryConfigurationDelegate : Bootstrapping Spring Data JPA repositories in DEFAULT mode.
2021-07-27 10:46:41.315  INFO 4084 --- [restartedMain] .s.d.r.c.RepositoryConfigurationDelegate : Finished Spring Data repository scanning in 15 ms. Found 6 JPA repository interfaces.
2021-07-27 10:46:41.418  INFO 4084 --- [restartedMain] o.s.b.w.embedded.tomcat.TomcatWebServer  : Tomcat initialized with port(s): 9090 (http)
2021-07-27 10:46:41.419  INFO 4084 --- [restartedMain] o.apache.catalina.core.StandardService   : Starting service [Tomcat]
2021-07-27 10:46:41.419  INFO 4084 --- [restartedMain] org.apache.catalina.core.StandardEngine  : Starting Servlet engine: [Apache Tomcat/9.0.48]
2021-07-27 10:46:41.441  INFO 4084 --- [restartedMain] o.a.c.c.C.[Tomcat].[localhost].[/]       : Initializing Spring embedded WebApplicationContext
2021-07-27 10:46:41.441  INFO 4084 --- [restartedMain] w.s.c.ServletWebServerApplicationContext : Root WebApplicationContext: initialization completed in 279 ms
2021-07-27 10:46:41.483  INFO 4084 --- [restartedMain] o.hibernate.jpa.internal.util.LogHelper  : HHH000204: Processing PersistenceUnitInfo [name: default]
2021-07-27 10:46:41.488  INFO 4084 --- [restartedMain] com.zaxxer.hikari.HikariDataSource       : HikariPool-3 - Starting...
2021-07-27 10:46:41.491  INFO 4084 --- [restartedMain] com.zaxxer.hikari.HikariDataSource       : HikariPool-3 - Start completed.
2021-07-27 10:46:41.491  INFO 4084 --- [restartedMain] org.hibernate.dialect.Dialect            : HHH000400: Using dialect: org.hibernate.dialect.MySQL8Dialect
2021-07-27 10:46:41.626  INFO 4084 --- [restartedMain] o.h.e.t.j.p.i.JtaPlatformInitiator       : HHH000490: Using JtaPlatform implementation: [org.hibernate.engine.transaction.jta.platform.internal.NoJtaPlatform]
2021-07-27 10:46:41.626  INFO 4084 --- [restartedMain] j.LocalContainerEntityManagerFactoryBean : Initialized JPA EntityManagerFactory for persistence unit 'default'
2021-07-27 10:46:41.690  WARN 4084 --- [restartedMain] JpaBaseConfiguration$JpaWebConfiguration : spring.jpa.open-in-view is enabled by default. Therefore, database queries may be performed during view rendering. Explicitly configure spring.jpa.open-in-view to disable this warning
2021-07-27 10:46:41.913  INFO 4084 --- [restartedMain] o.s.s.web.DefaultSecurityFilterChain     : Will secure any request with [org.springframework.security.web.context.request.async.WebAsyncManagerIntegrationFilter@521c88cf, org.springframework.security.web.context.SecurityContextPersistenceFilter@4ce12906, org.springframework.security.web.header.HeaderWriterFilter@5d4347b1, org.springframework.web.filter.CorsFilter@3ded08fc, org.springframework.security.web.authentication.logout.LogoutFilter@7c43cc2c, com.cybage.config.CustomJwtAuthenticationFilter@5b3e7432, org.springframework.security.web.savedrequest.RequestCacheAwareFilter@511b99cd, org.springframework.security.web.servletapi.SecurityContextHolderAwareRequestFilter@16a23290, org.springframework.security.web.authentication.AnonymousAuthenticationFilter@28d9d3ba, org.springframework.security.web.session.SessionManagementFilter@762b212b, org.springframework.security.web.access.ExceptionTranslationFilter@21d78619, org.springframework.security.web.access.intercept.FilterSecurityInterceptor@444e967e]
2021-07-27 10:46:41.967  INFO 4084 --- [restartedMain] o.s.b.d.a.OptionalLiveReloadServer       : LiveReload server is running on port 35729
2021-07-27 10:46:41.977  INFO 4084 --- [restartedMain] o.s.b.w.embedded.tomcat.TomcatWebServer  : Tomcat started on port(s): 9090 (http) with context path ''
2021-07-27 10:46:41.980  INFO 4084 --- [restartedMain] c.c.t.TutorManagementSystemApplication   : Started TutorManagementSystemApplication in 0.844 seconds (JVM running for 179.649)
2021-07-27 10:46:41.982  INFO 4084 --- [restartedMain] .ConditionEvaluationDeltaLoggingListener : Condition evaluation unchanged
2021-07-27 10:46:51.862  INFO 4084 --- [http-nio-9090-exec-2] o.a.c.c.C.[Tomcat].[localhost].[/]       : Initializing Spring DispatcherServlet 'dispatcherServlet'
2021-07-27 10:46:51.862  INFO 4084 --- [http-nio-9090-exec-2] o.s.web.servlet.DispatcherServlet        : Initializing Servlet 'dispatcherServlet'
2021-07-27 10:46:51.863  INFO 4084 --- [http-nio-9090-exec-2] o.s.web.servlet.DispatcherServlet        : Completed initialization in 1 ms
2021-07-27 10:47:02.218  INFO 4084 --- [http-nio-9090-exec-8] com.cybage.controller.UserController     : Inside get technologies for tutor
2021-07-27 10:57:29.069  INFO 4084 --- [Thread-11] j.LocalContainerEntityManagerFactoryBean : Closing JPA EntityManagerFactory for persistence unit 'default'
2021-07-27 10:57:29.070  INFO 4084 --- [Thread-11] com.zaxxer.hikari.HikariDataSource       : HikariPool-3 - Shutdown initiated...
2021-07-27 10:57:29.075  INFO 4084 --- [Thread-11] com.zaxxer.hikari.HikariDataSource       : HikariPool-3 - Shutdown completed.
2021-07-27 10:57:29.160  INFO 4084 --- [restartedMain] c.c.t.TutorManagementSystemApplication   : Starting TutorManagementSystemApplication using Java 15.0.2 on eon-prajyotw with PID 4084 (C:\Users\prajyotw\Desktop\Github\G2\MAJOR-PROJECT\TutorManagementSystem\target\classes started by prajyotw in C:\Users\prajyotw\Desktop\Github\G2\MAJOR-PROJECT\TutorManagementSystem)
2021-07-27 10:57:29.160  INFO 4084 --- [restartedMain] c.c.t.TutorManagementSystemApplication   : No active profile set, falling back to default profiles: default
2021-07-27 10:57:29.296  INFO 4084 --- [restartedMain] .s.d.r.c.RepositoryConfigurationDelegate : Bootstrapping Spring Data JPA repositories in DEFAULT mode.
2021-07-27 10:57:29.311  INFO 4084 --- [restartedMain] .s.d.r.c.RepositoryConfigurationDelegate : Finished Spring Data repository scanning in 14 ms. Found 6 JPA repository interfaces.
2021-07-27 10:57:29.411  INFO 4084 --- [restartedMain] o.s.b.w.embedded.tomcat.TomcatWebServer  : Tomcat initialized with port(s): 9090 (http)
2021-07-27 10:57:29.411  INFO 4084 --- [restartedMain] o.apache.catalina.core.StandardService   : Starting service [Tomcat]
2021-07-27 10:57:29.411  INFO 4084 --- [restartedMain] org.apache.catalina.core.StandardEngine  : Starting Servlet engine: [Apache Tomcat/9.0.48]
2021-07-27 10:57:29.434  INFO 4084 --- [restartedMain] o.a.c.c.C.[Tomcat].[localhost].[/]       : Initializing Spring embedded WebApplicationContext
2021-07-27 10:57:29.434  INFO 4084 --- [restartedMain] w.s.c.ServletWebServerApplicationContext : Root WebApplicationContext: initialization completed in 273 ms
2021-07-27 10:57:29.476  INFO 4084 --- [restartedMain] o.hibernate.jpa.internal.util.LogHelper  : HHH000204: Processing PersistenceUnitInfo [name: default]
2021-07-27 10:57:29.480  INFO 4084 --- [restartedMain] com.zaxxer.hikari.HikariDataSource       : HikariPool-4 - Starting...
2021-07-27 10:57:29.487  INFO 4084 --- [restartedMain] com.zaxxer.hikari.HikariDataSource       : HikariPool-4 - Start completed.
2021-07-27 10:57:29.487  INFO 4084 --- [restartedMain] org.hibernate.dialect.Dialect            : HHH000400: Using dialect: org.hibernate.dialect.MySQL8Dialect
2021-07-27 10:57:29.610  INFO 4084 --- [restartedMain] o.h.e.t.j.p.i.JtaPlatformInitiator       : HHH000490: Using JtaPlatform implementation: [org.hibernate.engine.transaction.jta.platform.internal.NoJtaPlatform]
2021-07-27 10:57:29.610  INFO 4084 --- [restartedMain] j.LocalContainerEntityManagerFactoryBean : Initialized JPA EntityManagerFactory for persistence unit 'default'
2021-07-27 10:57:29.674  WARN 4084 --- [restartedMain] JpaBaseConfiguration$JpaWebConfiguration : spring.jpa.open-in-view is enabled by default. Therefore, database queries may be performed during view rendering. Explicitly configure spring.jpa.open-in-view to disable this warning
2021-07-27 10:57:29.892  INFO 4084 --- [restartedMain] o.s.s.web.DefaultSecurityFilterChain     : Will secure any request with [org.springframework.security.web.context.request.async.WebAsyncManagerIntegrationFilter@315cc245, org.springframework.security.web.context.SecurityContextPersistenceFilter@62ba9420, org.springframework.security.web.header.HeaderWriterFilter@60c1ea73, org.springframework.web.filter.CorsFilter@59357ee6, org.springframework.security.web.authentication.logout.LogoutFilter@3964e29b, com.cybage.config.CustomJwtAuthenticationFilter@66698a73, org.springframework.security.web.savedrequest.RequestCacheAwareFilter@6783902f, org.springframework.security.web.servletapi.SecurityContextHolderAwareRequestFilter@8fe6cde, org.springframework.security.web.authentication.AnonymousAuthenticationFilter@2f7f0447, org.springframework.security.web.session.SessionManagementFilter@6fbd01b6, org.springframework.security.web.access.ExceptionTranslationFilter@7b1fc47c, org.springframework.security.web.access.intercept.FilterSecurityInterceptor@21fbdec7]
2021-07-27 10:57:29.947  INFO 4084 --- [restartedMain] o.s.b.d.a.OptionalLiveReloadServer       : LiveReload server is running on port 35729
2021-07-27 10:57:29.957  INFO 4084 --- [restartedMain] o.s.b.w.embedded.tomcat.TomcatWebServer  : Tomcat started on port(s): 9090 (http) with context path ''
2021-07-27 10:57:29.961  INFO 4084 --- [restartedMain] c.c.t.TutorManagementSystemApplication   : Started TutorManagementSystemApplication in 0.827 seconds (JVM running for 827.624)
2021-07-27 10:57:29.962  INFO 4084 --- [restartedMain] .ConditionEvaluationDeltaLoggingListener : Condition evaluation unchanged
2021-07-27 10:57:30.726  INFO 4084 --- [RMI TCP Connection(31)-127.0.0.1] inMXBeanRegistrar$SpringApplicationAdmin : Application shutdown requested.
2021-07-27 10:57:30.750  INFO 4084 --- [RMI TCP Connection(31)-127.0.0.1] j.LocalContainerEntityManagerFactoryBean : Closing JPA EntityManagerFactory for persistence unit 'default'
2021-07-27 10:57:30.750  INFO 4084 --- [RMI TCP Connection(31)-127.0.0.1] com.zaxxer.hikari.HikariDataSource       : HikariPool-4 - Shutdown initiated...
2021-07-27 10:57:30.752  INFO 4084 --- [RMI TCP Connection(31)-127.0.0.1] com.zaxxer.hikari.HikariDataSource       : HikariPool-4 - Shutdown completed.
2021-07-27 10:57:35.351  INFO 19816 --- [restartedMain] c.c.t.TutorManagementSystemApplication   : Starting TutorManagementSystemApplication using Java 15.0.2 on eon-prajyotw with PID 19816 (C:\Users\prajyotw\Desktop\Github\G2\MAJOR-PROJECT\TutorManagementSystem\target\classes started by prajyotw in C:\Users\prajyotw\Desktop\Github\G2\MAJOR-PROJECT\TutorManagementSystem)
2021-07-27 10:57:35.353  INFO 19816 --- [restartedMain] c.c.t.TutorManagementSystemApplication   : No active profile set, falling back to default profiles: default
2021-07-27 10:57:35.391  INFO 19816 --- [restartedMain] .e.DevToolsPropertyDefaultsPostProcessor : Devtools property defaults active! Set 'spring.devtools.add-properties' to 'false' to disable
2021-07-27 10:57:35.392  INFO 19816 --- [restartedMain] .e.DevToolsPropertyDefaultsPostProcessor : For additional web related logging consider setting the 'logging.level.web' property to 'DEBUG'
2021-07-27 10:57:35.815  INFO 19816 --- [restartedMain] .s.d.r.c.RepositoryConfigurationDelegate : Bootstrapping Spring Data JPA repositories in DEFAULT mode.
2021-07-27 10:57:35.866  INFO 19816 --- [restartedMain] .s.d.r.c.RepositoryConfigurationDelegate : Finished Spring Data repository scanning in 44 ms. Found 6 JPA repository interfaces.
2021-07-27 10:57:36.506  INFO 19816 --- [restartedMain] o.s.b.w.embedded.tomcat.TomcatWebServer  : Tomcat initialized with port(s): 9090 (http)
2021-07-27 10:57:36.514  INFO 19816 --- [restartedMain] o.apache.catalina.core.StandardService   : Starting service [Tomcat]
2021-07-27 10:57:36.514  INFO 19816 --- [restartedMain] org.apache.catalina.core.StandardEngine  : Starting Servlet engine: [Apache Tomcat/9.0.48]
2021-07-27 10:57:36.597  INFO 19816 --- [restartedMain] o.a.c.c.C.[Tomcat].[localhost].[/]       : Initializing Spring embedded WebApplicationContext
2021-07-27 10:57:36.598  INFO 19816 --- [restartedMain] w.s.c.ServletWebServerApplicationContext : Root WebApplicationContext: initialization completed in 1206 ms
2021-07-27 10:57:36.824  INFO 19816 --- [restartedMain] o.hibernate.jpa.internal.util.LogHelper  : HHH000204: Processing PersistenceUnitInfo [name: default]
2021-07-27 10:57:36.864  INFO 19816 --- [restartedMain] org.hibernate.Version                    : HHH000412: Hibernate ORM core version 5.4.32.Final
2021-07-27 10:57:36.968  INFO 19816 --- [restartedMain] o.hibernate.annotations.common.Version   : HCANN000001: Hibernate Commons Annotations {5.1.2.Final}
2021-07-27 10:57:37.048  INFO 19816 --- [restartedMain] com.zaxxer.hikari.HikariDataSource       : HikariPool-1 - Starting...
2021-07-27 10:57:37.179  INFO 19816 --- [restartedMain] com.zaxxer.hikari.HikariDataSource       : HikariPool-1 - Start completed.
2021-07-27 10:57:37.203  INFO 19816 --- [restartedMain] org.hibernate.dialect.Dialect            : HHH000400: Using dialect: org.hibernate.dialect.MySQL8Dialect
2021-07-27 10:57:37.824  INFO 19816 --- [restartedMain] o.h.e.t.j.p.i.JtaPlatformInitiator       : HHH000490: Using JtaPlatform implementation: [org.hibernate.engine.transaction.jta.platform.internal.NoJtaPlatform]
2021-07-27 10:57:37.831  INFO 19816 --- [restartedMain] j.LocalContainerEntityManagerFactoryBean : Initialized JPA EntityManagerFactory for persistence unit 'default'
2021-07-27 10:57:38.136  WARN 19816 --- [restartedMain] JpaBaseConfiguration$JpaWebConfiguration : spring.jpa.open-in-view is enabled by default. Therefore, database queries may be performed during view rendering. Explicitly configure spring.jpa.open-in-view to disable this warning
2021-07-27 10:57:38.897  INFO 19816 --- [restartedMain] o.s.s.web.DefaultSecurityFilterChain     : Will secure any request with [org.springframework.security.web.context.request.async.WebAsyncManagerIntegrationFilter@38da59ea, org.springframework.security.web.context.SecurityContextPersistenceFilter@2c9e4afb, org.springframework.security.web.header.HeaderWriterFilter@56287f5f, org.springframework.web.filter.CorsFilter@4e34e320, org.springframework.security.web.authentication.logout.LogoutFilter@1657c953, com.cybage.config.CustomJwtAuthenticationFilter@47fe9df8, org.springframework.security.web.savedrequest.RequestCacheAwareFilter@7bb62356, org.springframework.security.web.servletapi.SecurityContextHolderAwareRequestFilter@1e937702, org.springframework.security.web.authentication.AnonymousAuthenticationFilter@637f2072, org.springframework.security.web.session.SessionManagementFilter@7d15c9b0, org.springframework.security.web.access.ExceptionTranslationFilter@67cbbf79, org.springframework.security.web.access.intercept.FilterSecurityInterceptor@5cd56656]
2021-07-27 10:57:39.225  INFO 19816 --- [restartedMain] o.s.b.d.a.OptionalLiveReloadServer       : LiveReload server is running on port 35729
2021-07-27 10:57:39.263  INFO 19816 --- [restartedMain] o.s.b.w.embedded.tomcat.TomcatWebServer  : Tomcat started on port(s): 9090 (http) with context path ''
2021-07-27 10:57:39.269  INFO 19816 --- [restartedMain] c.c.t.TutorManagementSystemApplication   : Started TutorManagementSystemApplication in 4.214 seconds (JVM running for 4.856)
2021-07-27 10:57:48.043  INFO 19816 --- [http-nio-9090-exec-2] o.a.c.c.C.[Tomcat].[localhost].[/]       : Initializing Spring DispatcherServlet 'dispatcherServlet'
2021-07-27 10:57:48.043  INFO 19816 --- [http-nio-9090-exec-2] o.s.web.servlet.DispatcherServlet        : Initializing Servlet 'dispatcherServlet'
2021-07-27 10:57:48.044  INFO 19816 --- [http-nio-9090-exec-2] o.s.web.servlet.DispatcherServlet        : Completed initialization in 1 ms
2021-07-27 10:57:55.059  INFO 19816 --- [http-nio-9090-exec-6] com.cybage.controller.UserController     : Inside get technologies for tutor
2021-07-27 10:58:54.590  INFO 19816 --- [Thread-5] j.LocalContainerEntityManagerFactoryBean : Closing JPA EntityManagerFactory for persistence unit 'default'
2021-07-27 10:58:54.595  INFO 19816 --- [Thread-5] com.zaxxer.hikari.HikariDataSource       : HikariPool-1 - Shutdown initiated...
2021-07-27 10:58:54.607  INFO 19816 --- [Thread-5] com.zaxxer.hikari.HikariDataSource       : HikariPool-1 - Shutdown completed.
2021-07-27 10:58:54.693  INFO 19816 --- [restartedMain] c.c.t.TutorManagementSystemApplication   : Starting TutorManagementSystemApplication using Java 15.0.2 on eon-prajyotw with PID 19816 (C:\Users\prajyotw\Desktop\Github\G2\MAJOR-PROJECT\TutorManagementSystem\target\classes started by prajyotw in C:\Users\prajyotw\Desktop\Github\G2\MAJOR-PROJECT\TutorManagementSystem)
2021-07-27 10:58:54.693  INFO 19816 --- [restartedMain] c.c.t.TutorManagementSystemApplication   : No active profile set, falling back to default profiles: default
2021-07-27 10:58:54.841  INFO 19816 --- [restartedMain] .s.d.r.c.RepositoryConfigurationDelegate : Bootstrapping Spring Data JPA repositories in DEFAULT mode.
2021-07-27 10:58:54.857  INFO 19816 --- [restartedMain] .s.d.r.c.RepositoryConfigurationDelegate : Finished Spring Data repository scanning in 16 ms. Found 6 JPA repository interfaces.
2021-07-27 10:58:54.964  INFO 19816 --- [restartedMain] o.s.b.w.embedded.tomcat.TomcatWebServer  : Tomcat initialized with port(s): 9090 (http)
2021-07-27 10:58:54.964  INFO 19816 --- [restartedMain] o.apache.catalina.core.StandardService   : Starting service [Tomcat]
2021-07-27 10:58:54.964  INFO 19816 --- [restartedMain] org.apache.catalina.core.StandardEngine  : Starting Servlet engine: [Apache Tomcat/9.0.48]
2021-07-27 10:58:54.990  INFO 19816 --- [restartedMain] o.a.c.c.C.[Tomcat].[localhost].[/]       : Initializing Spring embedded WebApplicationContext
2021-07-27 10:58:54.990  INFO 19816 --- [restartedMain] w.s.c.ServletWebServerApplicationContext : Root WebApplicationContext: initialization completed in 294 ms
2021-07-27 10:58:55.035  INFO 19816 --- [restartedMain] o.hibernate.jpa.internal.util.LogHelper  : HHH000204: Processing PersistenceUnitInfo [name: default]
2021-07-27 10:58:55.040  INFO 19816 --- [restartedMain] com.zaxxer.hikari.HikariDataSource       : HikariPool-2 - Starting...
2021-07-27 10:58:55.043  INFO 19816 --- [restartedMain] com.zaxxer.hikari.HikariDataSource       : HikariPool-2 - Start completed.
2021-07-27 10:58:55.044  INFO 19816 --- [restartedMain] org.hibernate.dialect.Dialect            : HHH000400: Using dialect: org.hibernate.dialect.MySQL8Dialect
2021-07-27 10:58:55.189  INFO 19816 --- [restartedMain] o.h.e.t.j.p.i.JtaPlatformInitiator       : HHH000490: Using JtaPlatform implementation: [org.hibernate.engine.transaction.jta.platform.internal.NoJtaPlatform]
2021-07-27 10:58:55.189  INFO 19816 --- [restartedMain] j.LocalContainerEntityManagerFactoryBean : Initialized JPA EntityManagerFactory for persistence unit 'default'
2021-07-27 10:58:55.255  WARN 19816 --- [restartedMain] JpaBaseConfiguration$JpaWebConfiguration : spring.jpa.open-in-view is enabled by default. Therefore, database queries may be performed during view rendering. Explicitly configure spring.jpa.open-in-view to disable this warning
2021-07-27 10:58:55.480  INFO 19816 --- [restartedMain] o.s.s.web.DefaultSecurityFilterChain     : Will secure any request with [org.springframework.security.web.context.request.async.WebAsyncManagerIntegrationFilter@703ef54f, org.springframework.security.web.context.SecurityContextPersistenceFilter@1e56ddb, org.springframework.security.web.header.HeaderWriterFilter@b4322bb, org.springframework.web.filter.CorsFilter@1c317090, org.springframework.security.web.authentication.logout.LogoutFilter@19172963, com.cybage.config.CustomJwtAuthenticationFilter@2d54c35e, org.springframework.security.web.savedrequest.RequestCacheAwareFilter@29cbbc98, org.springframework.security.web.servletapi.SecurityContextHolderAwareRequestFilter@3b8f15e0, org.springframework.security.web.authentication.AnonymousAuthenticationFilter@44dfbad8, org.springframework.security.web.session.SessionManagementFilter@37a7f2d8, org.springframework.security.web.access.ExceptionTranslationFilter@74bb97a8, org.springframework.security.web.access.intercept.FilterSecurityInterceptor@57d1941a]
2021-07-27 10:58:55.535  INFO 19816 --- [restartedMain] o.s.b.d.a.OptionalLiveReloadServer       : LiveReload server is running on port 35729
2021-07-27 10:58:55.545  INFO 19816 --- [restartedMain] o.s.b.w.embedded.tomcat.TomcatWebServer  : Tomcat started on port(s): 9090 (http) with context path ''
2021-07-27 10:58:55.548  INFO 19816 --- [restartedMain] c.c.t.TutorManagementSystemApplication   : Started TutorManagementSystemApplication in 0.886 seconds (JVM running for 81.133)
2021-07-27 10:58:55.550  INFO 19816 --- [restartedMain] .ConditionEvaluationDeltaLoggingListener : Condition evaluation unchanged
2021-07-27 10:59:01.012  INFO 19816 --- [http-nio-9090-exec-1] o.a.c.c.C.[Tomcat].[localhost].[/]       : Initializing Spring DispatcherServlet 'dispatcherServlet'
2021-07-27 10:59:01.013  INFO 19816 --- [http-nio-9090-exec-1] o.s.web.servlet.DispatcherServlet        : Initializing Servlet 'dispatcherServlet'
2021-07-27 10:59:01.014  INFO 19816 --- [http-nio-9090-exec-1] o.s.web.servlet.DispatcherServlet        : Completed initialization in 1 ms
2021-07-27 10:59:01.027  INFO 19816 --- [http-nio-9090-exec-1] com.cybage.controller.UserController     : Inside get technologies for tutor
2021-07-27 11:00:02.497  INFO 19816 --- [Thread-7] j.LocalContainerEntityManagerFactoryBean : Closing JPA EntityManagerFactory for persistence unit 'default'
2021-07-27 11:00:02.498  INFO 19816 --- [Thread-7] com.zaxxer.hikari.HikariDataSource       : HikariPool-2 - Shutdown initiated...
2021-07-27 11:00:02.504  INFO 19816 --- [Thread-7] com.zaxxer.hikari.HikariDataSource       : HikariPool-2 - Shutdown completed.
2021-07-27 11:00:02.585  INFO 19816 --- [restartedMain] c.c.t.TutorManagementSystemApplication   : Starting TutorManagementSystemApplication using Java 15.0.2 on eon-prajyotw with PID 19816 (C:\Users\prajyotw\Desktop\Github\G2\MAJOR-PROJECT\TutorManagementSystem\target\classes started by prajyotw in C:\Users\prajyotw\Desktop\Github\G2\MAJOR-PROJECT\TutorManagementSystem)
2021-07-27 11:00:02.585  INFO 19816 --- [restartedMain] c.c.t.TutorManagementSystemApplication   : No active profile set, falling back to default profiles: default
2021-07-27 11:00:02.723  INFO 19816 --- [restartedMain] .s.d.r.c.RepositoryConfigurationDelegate : Bootstrapping Spring Data JPA repositories in DEFAULT mode.
2021-07-27 11:00:02.739  INFO 19816 --- [restartedMain] .s.d.r.c.RepositoryConfigurationDelegate : Finished Spring Data repository scanning in 15 ms. Found 6 JPA repository interfaces.
2021-07-27 11:00:02.842  INFO 19816 --- [restartedMain] o.s.b.w.embedded.tomcat.TomcatWebServer  : Tomcat initialized with port(s): 9090 (http)
2021-07-27 11:00:02.843  INFO 19816 --- [restartedMain] o.apache.catalina.core.StandardService   : Starting service [Tomcat]
2021-07-27 11:00:02.843  INFO 19816 --- [restartedMain] org.apache.catalina.core.StandardEngine  : Starting Servlet engine: [Apache Tomcat/9.0.48]
2021-07-27 11:00:02.866  INFO 19816 --- [restartedMain] o.a.c.c.C.[Tomcat].[localhost].[/]       : Initializing Spring embedded WebApplicationContext
2021-07-27 11:00:02.866  INFO 19816 --- [restartedMain] w.s.c.ServletWebServerApplicationContext : Root WebApplicationContext: initialization completed in 278 ms
2021-07-27 11:00:02.908  INFO 19816 --- [restartedMain] o.hibernate.jpa.internal.util.LogHelper  : HHH000204: Processing PersistenceUnitInfo [name: default]
2021-07-27 11:00:02.912  INFO 19816 --- [restartedMain] com.zaxxer.hikari.HikariDataSource       : HikariPool-3 - Starting...
2021-07-27 11:00:02.916  INFO 19816 --- [restartedMain] com.zaxxer.hikari.HikariDataSource       : HikariPool-3 - Start completed.
2021-07-27 11:00:02.916  INFO 19816 --- [restartedMain] org.hibernate.dialect.Dialect            : HHH000400: Using dialect: org.hibernate.dialect.MySQL8Dialect
2021-07-27 11:00:03.058  INFO 19816 --- [restartedMain] o.h.e.t.j.p.i.JtaPlatformInitiator       : HHH000490: Using JtaPlatform implementation: [org.hibernate.engine.transaction.jta.platform.internal.NoJtaPlatform]
2021-07-27 11:00:03.058  INFO 19816 --- [restartedMain] j.LocalContainerEntityManagerFactoryBean : Initialized JPA EntityManagerFactory for persistence unit 'default'
2021-07-27 11:00:03.122  WARN 19816 --- [restartedMain] JpaBaseConfiguration$JpaWebConfiguration : spring.jpa.open-in-view is enabled by default. Therefore, database queries may be performed during view rendering. Explicitly configure spring.jpa.open-in-view to disable this warning
2021-07-27 11:00:03.340  INFO 19816 --- [restartedMain] o.s.s.web.DefaultSecurityFilterChain     : Will secure any request with [org.springframework.security.web.context.request.async.WebAsyncManagerIntegrationFilter@3d97fa27, org.springframework.security.web.context.SecurityContextPersistenceFilter@616feaf9, org.springframework.security.web.header.HeaderWriterFilter@729bc835, org.springframework.web.filter.CorsFilter@59e76b0, org.springframework.security.web.authentication.logout.LogoutFilter@1c2fb5a8, com.cybage.config.CustomJwtAuthenticationFilter@5abdbc8a, org.springframework.security.web.savedrequest.RequestCacheAwareFilter@20e0e2dc, org.springframework.security.web.servletapi.SecurityContextHolderAwareRequestFilter@c964c95, org.springframework.security.web.authentication.AnonymousAuthenticationFilter@7bdf3010, org.springframework.security.web.session.SessionManagementFilter@540b5346, org.springframework.security.web.access.ExceptionTranslationFilter@3984ad2, org.springframework.security.web.access.intercept.FilterSecurityInterceptor@37d88739]
2021-07-27 11:00:03.394  INFO 19816 --- [restartedMain] o.s.b.d.a.OptionalLiveReloadServer       : LiveReload server is running on port 35729
2021-07-27 11:00:03.403  INFO 19816 --- [restartedMain] o.s.b.w.embedded.tomcat.TomcatWebServer  : Tomcat started on port(s): 9090 (http) with context path ''
2021-07-27 11:00:03.407  INFO 19816 --- [restartedMain] c.c.t.TutorManagementSystemApplication   : Started TutorManagementSystemApplication in 0.848 seconds (JVM running for 148.991)
2021-07-27 11:00:03.408  INFO 19816 --- [restartedMain] .ConditionEvaluationDeltaLoggingListener : Condition evaluation unchanged
2021-07-27 11:00:14.499  INFO 19816 --- [http-nio-9090-exec-1] o.a.c.c.C.[Tomcat].[localhost].[/]       : Initializing Spring DispatcherServlet 'dispatcherServlet'
2021-07-27 11:00:14.500  INFO 19816 --- [http-nio-9090-exec-1] o.s.web.servlet.DispatcherServlet        : Initializing Servlet 'dispatcherServlet'
2021-07-27 11:00:14.501  INFO 19816 --- [http-nio-9090-exec-1] o.s.web.servlet.DispatcherServlet        : Completed initialization in 1 ms
2021-07-27 11:00:14.511  INFO 19816 --- [http-nio-9090-exec-1] com.cybage.controller.UserController     : Inside get technologies for tutor
2021-07-27 11:00:29.074  INFO 19816 --- [Thread-11] j.LocalContainerEntityManagerFactoryBean : Closing JPA EntityManagerFactory for persistence unit 'default'
2021-07-27 11:00:29.076  INFO 19816 --- [Thread-11] com.zaxxer.hikari.HikariDataSource       : HikariPool-3 - Shutdown initiated...
2021-07-27 11:00:29.080  INFO 19816 --- [Thread-11] com.zaxxer.hikari.HikariDataSource       : HikariPool-3 - Shutdown completed.
2021-07-27 11:00:29.160  INFO 19816 --- [restartedMain] c.c.t.TutorManagementSystemApplication   : Starting TutorManagementSystemApplication using Java 15.0.2 on eon-prajyotw with PID 19816 (C:\Users\prajyotw\Desktop\Github\G2\MAJOR-PROJECT\TutorManagementSystem\target\classes started by prajyotw in C:\Users\prajyotw\Desktop\Github\G2\MAJOR-PROJECT\TutorManagementSystem)
2021-07-27 11:00:29.160  INFO 19816 --- [restartedMain] c.c.t.TutorManagementSystemApplication   : No active profile set, falling back to default profiles: default
2021-07-27 11:00:29.298  INFO 19816 --- [restartedMain] .s.d.r.c.RepositoryConfigurationDelegate : Bootstrapping Spring Data JPA repositories in DEFAULT mode.
2021-07-27 11:00:29.313  INFO 19816 --- [restartedMain] .s.d.r.c.RepositoryConfigurationDelegate : Finished Spring Data repository scanning in 14 ms. Found 6 JPA repository interfaces.
2021-07-27 11:00:29.412  INFO 19816 --- [restartedMain] o.s.b.w.embedded.tomcat.TomcatWebServer  : Tomcat initialized with port(s): 9090 (http)
2021-07-27 11:00:29.413  INFO 19816 --- [restartedMain] o.apache.catalina.core.StandardService   : Starting service [Tomcat]
2021-07-27 11:00:29.413  INFO 19816 --- [restartedMain] org.apache.catalina.core.StandardEngine  : Starting Servlet engine: [Apache Tomcat/9.0.48]
2021-07-27 11:00:29.435  INFO 19816 --- [restartedMain] o.a.c.c.C.[Tomcat].[localhost].[/]       : Initializing Spring embedded WebApplicationContext
2021-07-27 11:00:29.435  INFO 19816 --- [restartedMain] w.s.c.ServletWebServerApplicationContext : Root WebApplicationContext: initialization completed in 273 ms
2021-07-27 11:00:29.477  INFO 19816 --- [restartedMain] o.hibernate.jpa.internal.util.LogHelper  : HHH000204: Processing PersistenceUnitInfo [name: default]
2021-07-27 11:00:29.481  INFO 19816 --- [restartedMain] com.zaxxer.hikari.HikariDataSource       : HikariPool-4 - Starting...
2021-07-27 11:00:29.486  INFO 19816 --- [restartedMain] com.zaxxer.hikari.HikariDataSource       : HikariPool-4 - Start completed.
2021-07-27 11:00:29.486  INFO 19816 --- [restartedMain] org.hibernate.dialect.Dialect            : HHH000400: Using dialect: org.hibernate.dialect.MySQL8Dialect
2021-07-27 11:00:29.610  INFO 19816 --- [restartedMain] o.h.e.t.j.p.i.JtaPlatformInitiator       : HHH000490: Using JtaPlatform implementation: [org.hibernate.engine.transaction.jta.platform.internal.NoJtaPlatform]
2021-07-27 11:00:29.610  INFO 19816 --- [restartedMain] j.LocalContainerEntityManagerFactoryBean : Initialized JPA EntityManagerFactory for persistence unit 'default'
2021-07-27 11:00:29.676  WARN 19816 --- [restartedMain] JpaBaseConfiguration$JpaWebConfiguration : spring.jpa.open-in-view is enabled by default. Therefore, database queries may be performed during view rendering. Explicitly configure spring.jpa.open-in-view to disable this warning
2021-07-27 11:00:29.895  INFO 19816 --- [restartedMain] o.s.s.web.DefaultSecurityFilterChain     : Will secure any request with [org.springframework.security.web.context.request.async.WebAsyncManagerIntegrationFilter@555cf409, org.springframework.security.web.context.SecurityContextPersistenceFilter@1b2d1953, org.springframework.security.web.header.HeaderWriterFilter@123b8966, org.springframework.web.filter.CorsFilter@254e4124, org.springframework.security.web.authentication.logout.LogoutFilter@24487f51, com.cybage.config.CustomJwtAuthenticationFilter@3d181d61, org.springframework.security.web.savedrequest.RequestCacheAwareFilter@71d3ea39, org.springframework.security.web.servletapi.SecurityContextHolderAwareRequestFilter@3fed2ddc, org.springframework.security.web.authentication.AnonymousAuthenticationFilter@68612381, org.springframework.security.web.session.SessionManagementFilter@d9ca8a9, org.springframework.security.web.access.ExceptionTranslationFilter@73732cfb, org.springframework.security.web.access.intercept.FilterSecurityInterceptor@65be37b6]
2021-07-27 11:00:29.949  INFO 19816 --- [restartedMain] o.s.b.d.a.OptionalLiveReloadServer       : LiveReload server is running on port 35729
2021-07-27 11:00:29.959  INFO 19816 --- [restartedMain] o.s.b.w.embedded.tomcat.TomcatWebServer  : Tomcat started on port(s): 9090 (http) with context path ''
2021-07-27 11:00:29.962  INFO 19816 --- [restartedMain] c.c.t.TutorManagementSystemApplication   : Started TutorManagementSystemApplication in 0.828 seconds (JVM running for 175.547)
2021-07-27 11:00:29.963  INFO 19816 --- [restartedMain] .ConditionEvaluationDeltaLoggingListener : Condition evaluation unchanged
2021-07-27 11:00:33.746  INFO 19816 --- [http-nio-9090-exec-1] o.a.c.c.C.[Tomcat].[localhost].[/]       : Initializing Spring DispatcherServlet 'dispatcherServlet'
2021-07-27 11:00:33.746  INFO 19816 --- [http-nio-9090-exec-1] o.s.web.servlet.DispatcherServlet        : Initializing Servlet 'dispatcherServlet'
2021-07-27 11:00:33.747  INFO 19816 --- [http-nio-9090-exec-1] o.s.web.servlet.DispatcherServlet        : Completed initialization in 0 ms
2021-07-27 11:00:33.757  INFO 19816 --- [http-nio-9090-exec-1] com.cybage.controller.UserController     : Inside get technologies for tutor
2021-07-27 11:01:57.794  INFO 19816 --- [Thread-15] j.LocalContainerEntityManagerFactoryBean : Closing JPA EntityManagerFactory for persistence unit 'default'
2021-07-27 11:01:57.794  INFO 19816 --- [Thread-15] com.zaxxer.hikari.HikariDataSource       : HikariPool-4 - Shutdown initiated...
2021-07-27 11:01:57.801  INFO 19816 --- [Thread-15] com.zaxxer.hikari.HikariDataSource       : HikariPool-4 - Shutdown completed.
2021-07-27 11:01:57.953  INFO 19816 --- [restartedMain] c.c.t.TutorManagementSystemApplication   : Starting TutorManagementSystemApplication using Java 15.0.2 on eon-prajyotw with PID 19816 (C:\Users\prajyotw\Desktop\Github\G2\MAJOR-PROJECT\TutorManagementSystem\target\classes started by prajyotw in C:\Users\prajyotw\Desktop\Github\G2\MAJOR-PROJECT\TutorManagementSystem)
2021-07-27 11:01:57.953  INFO 19816 --- [restartedMain] c.c.t.TutorManagementSystemApplication   : No active profile set, falling back to default profiles: default
2021-07-27 11:01:58.243  INFO 19816 --- [restartedMain] .s.d.r.c.RepositoryConfigurationDelegate : Bootstrapping Spring Data JPA repositories in DEFAULT mode.
2021-07-27 11:01:58.334  INFO 19816 --- [restartedMain] .s.d.r.c.RepositoryConfigurationDelegate : Finished Spring Data repository scanning in 90 ms. Found 6 JPA repository interfaces.
2021-07-27 11:01:58.628  INFO 19816 --- [restartedMain] o.s.b.w.embedded.tomcat.TomcatWebServer  : Tomcat initialized with port(s): 9090 (http)
2021-07-27 11:01:58.628  INFO 19816 --- [restartedMain] o.apache.catalina.core.StandardService   : Starting service [Tomcat]
2021-07-27 11:01:58.629  INFO 19816 --- [restartedMain] org.apache.catalina.core.StandardEngine  : Starting Servlet engine: [Apache Tomcat/9.0.48]
2021-07-27 11:01:58.683  INFO 19816 --- [restartedMain] o.a.c.c.C.[Tomcat].[localhost].[/]       : Initializing Spring embedded WebApplicationContext
2021-07-27 11:01:58.684  INFO 19816 --- [restartedMain] w.s.c.ServletWebServerApplicationContext : Root WebApplicationContext: initialization completed in 729 ms
2021-07-27 11:01:58.894  INFO 19816 --- [restartedMain] o.hibernate.jpa.internal.util.LogHelper  : HHH000204: Processing PersistenceUnitInfo [name: default]
2021-07-27 11:01:58.906  INFO 19816 --- [restartedMain] com.zaxxer.hikari.HikariDataSource       : HikariPool-5 - Starting...
2021-07-27 11:01:58.928  INFO 19816 --- [restartedMain] com.zaxxer.hikari.HikariDataSource       : HikariPool-5 - Start completed.
2021-07-27 11:01:58.929  INFO 19816 --- [restartedMain] org.hibernate.dialect.Dialect            : HHH000400: Using dialect: org.hibernate.dialect.MySQL8Dialect
2021-07-27 11:01:59.193  INFO 19816 --- [restartedMain] o.h.e.t.j.p.i.JtaPlatformInitiator       : HHH000490: Using JtaPlatform implementation: [org.hibernate.engine.transaction.jta.platform.internal.NoJtaPlatform]
2021-07-27 11:01:59.193  INFO 19816 --- [restartedMain] j.LocalContainerEntityManagerFactoryBean : Initialized JPA EntityManagerFactory for persistence unit 'default'
2021-07-27 11:01:59.270  WARN 19816 --- [restartedMain] JpaBaseConfiguration$JpaWebConfiguration : spring.jpa.open-in-view is enabled by default. Therefore, database queries may be performed during view rendering. Explicitly configure spring.jpa.open-in-view to disable this warning
2021-07-27 11:01:59.797  INFO 19816 --- [restartedMain] o.s.s.web.DefaultSecurityFilterChain     : Will secure any request with [org.springframework.security.web.context.request.async.WebAsyncManagerIntegrationFilter@3992a0d6, org.springframework.security.web.context.SecurityContextPersistenceFilter@550485cb, org.springframework.security.web.header.HeaderWriterFilter@3274d994, org.springframework.web.filter.CorsFilter@2d5ecdfd, org.springframework.security.web.authentication.logout.LogoutFilter@b9ff326, com.cybage.config.CustomJwtAuthenticationFilter@25423aeb, org.springframework.security.web.savedrequest.RequestCacheAwareFilter@7636fba3, org.springframework.security.web.servletapi.SecurityContextHolderAwareRequestFilter@629a3488, org.springframework.security.web.authentication.AnonymousAuthenticationFilter@abe942f, org.springframework.security.web.session.SessionManagementFilter@7aec4556, org.springframework.security.web.access.ExceptionTranslationFilter@63781d3d, org.springframework.security.web.access.intercept.FilterSecurityInterceptor@690eb286]
2021-07-27 11:01:59.991  INFO 19816 --- [restartedMain] o.s.b.d.a.OptionalLiveReloadServer       : LiveReload server is running on port 35729
2021-07-27 11:02:00.052  INFO 19816 --- [restartedMain] o.s.b.w.embedded.tomcat.TomcatWebServer  : Tomcat started on port(s): 9090 (http) with context path ''
2021-07-27 11:02:00.056  INFO 19816 --- [restartedMain] c.c.t.TutorManagementSystemApplication   : Started TutorManagementSystemApplication in 2.162 seconds (JVM running for 265.64)
2021-07-27 11:02:00.057  INFO 19816 --- [restartedMain] .ConditionEvaluationDeltaLoggingListener : Condition evaluation unchanged
2021-07-27 11:03:09.195  INFO 19816 --- [Thread-19] j.LocalContainerEntityManagerFactoryBean : Closing JPA EntityManagerFactory for persistence unit 'default'
2021-07-27 11:03:09.195  INFO 19816 --- [Thread-19] com.zaxxer.hikari.HikariDataSource       : HikariPool-5 - Shutdown initiated...
2021-07-27 11:03:09.197  INFO 19816 --- [Thread-19] com.zaxxer.hikari.HikariDataSource       : HikariPool-5 - Shutdown completed.
2021-07-27 11:03:09.280  INFO 19816 --- [restartedMain] c.c.t.TutorManagementSystemApplication   : Starting TutorManagementSystemApplication using Java 15.0.2 on eon-prajyotw with PID 19816 (C:\Users\prajyotw\Desktop\Github\G2\MAJOR-PROJECT\TutorManagementSystem\target\classes started by prajyotw in C:\Users\prajyotw\Desktop\Github\G2\MAJOR-PROJECT\TutorManagementSystem)
2021-07-27 11:03:09.280  INFO 19816 --- [restartedMain] c.c.t.TutorManagementSystemApplication   : No active profile set, falling back to default profiles: default
2021-07-27 11:03:09.434  INFO 19816 --- [restartedMain] .s.d.r.c.RepositoryConfigurationDelegate : Bootstrapping Spring Data JPA repositories in DEFAULT mode.
2021-07-27 11:03:09.449  INFO 19816 --- [restartedMain] .s.d.r.c.RepositoryConfigurationDelegate : Finished Spring Data repository scanning in 14 ms. Found 6 JPA repository interfaces.
2021-07-27 11:03:09.550  INFO 19816 --- [restartedMain] o.s.b.w.embedded.tomcat.TomcatWebServer  : Tomcat initialized with port(s): 9090 (http)
2021-07-27 11:03:09.551  INFO 19816 --- [restartedMain] o.apache.catalina.core.StandardService   : Starting service [Tomcat]
2021-07-27 11:03:09.551  INFO 19816 --- [restartedMain] org.apache.catalina.core.StandardEngine  : Starting Servlet engine: [Apache Tomcat/9.0.48]
2021-07-27 11:03:09.572  INFO 19816 --- [restartedMain] o.a.c.c.C.[Tomcat].[localhost].[/]       : Initializing Spring embedded WebApplicationContext
2021-07-27 11:03:09.572  INFO 19816 --- [restartedMain] w.s.c.ServletWebServerApplicationContext : Root WebApplicationContext: initialization completed in 288 ms
2021-07-27 11:03:09.618  INFO 19816 --- [restartedMain] o.hibernate.jpa.internal.util.LogHelper  : HHH000204: Processing PersistenceUnitInfo [name: default]
2021-07-27 11:03:09.622  INFO 19816 --- [restartedMain] com.zaxxer.hikari.HikariDataSource       : HikariPool-6 - Starting...
2021-07-27 11:03:09.626  INFO 19816 --- [restartedMain] com.zaxxer.hikari.HikariDataSource       : HikariPool-6 - Start completed.
2021-07-27 11:03:09.626  INFO 19816 --- [restartedMain] org.hibernate.dialect.Dialect            : HHH000400: Using dialect: org.hibernate.dialect.MySQL8Dialect
2021-07-27 11:03:09.772  INFO 19816 --- [restartedMain] o.h.e.t.j.p.i.JtaPlatformInitiator       : HHH000490: Using JtaPlatform implementation: [org.hibernate.engine.transaction.jta.platform.internal.NoJtaPlatform]
2021-07-27 11:03:09.772  INFO 19816 --- [restartedMain] j.LocalContainerEntityManagerFactoryBean : Initialized JPA EntityManagerFactory for persistence unit 'default'
2021-07-27 11:03:09.837  WARN 19816 --- [restartedMain] JpaBaseConfiguration$JpaWebConfiguration : spring.jpa.open-in-view is enabled by default. Therefore, database queries may be performed during view rendering. Explicitly configure spring.jpa.open-in-view to disable this warning
2021-07-27 11:03:10.018 DEBUG 19816 --- [restartedMain] s.w.s.m.m.a.RequestMappingHandlerMapping : 56 mappings in 'requestMappingHandlerMapping'
2021-07-27 11:03:10.042 DEBUG 19816 --- [restartedMain] o.s.w.s.handler.SimpleUrlHandlerMapping  : Patterns [/webjars/**, /**] in 'resourceHandlerMapping'
2021-07-27 11:03:10.050  INFO 19816 --- [restartedMain] o.s.s.web.DefaultSecurityFilterChain     : Will secure any request with [org.springframework.security.web.context.request.async.WebAsyncManagerIntegrationFilter@491b04b6, org.springframework.security.web.context.SecurityContextPersistenceFilter@595b26f0, org.springframework.security.web.header.HeaderWriterFilter@41518a79, org.springframework.web.filter.CorsFilter@2e0d1d56, org.springframework.security.web.authentication.logout.LogoutFilter@609bc38c, com.cybage.config.CustomJwtAuthenticationFilter@33ca1c60, org.springframework.security.web.savedrequest.RequestCacheAwareFilter@3b67be65, org.springframework.security.web.servletapi.SecurityContextHolderAwareRequestFilter@7628e932, org.springframework.security.web.authentication.AnonymousAuthenticationFilter@9611a75, org.springframework.security.web.session.SessionManagementFilter@1991eb18, org.springframework.security.web.access.ExceptionTranslationFilter@4c75c563, org.springframework.security.web.access.intercept.FilterSecurityInterceptor@6e12f80b]
2021-07-27 11:03:10.060 DEBUG 19816 --- [restartedMain] s.w.s.m.m.a.RequestMappingHandlerAdapter : ControllerAdvice beans: 0 @ModelAttribute, 0 @InitBinder, 1 RequestBodyAdvice, 1 ResponseBodyAdvice
2021-07-27 11:03:10.065 DEBUG 19816 --- [restartedMain] .m.m.a.ExceptionHandlerExceptionResolver : ControllerAdvice beans: 1 @ExceptionHandler, 1 ResponseBodyAdvice
2021-07-27 11:03:10.103  INFO 19816 --- [restartedMain] o.s.b.d.a.OptionalLiveReloadServer       : LiveReload server is running on port 35729
2021-07-27 11:03:10.113  INFO 19816 --- [restartedMain] o.s.b.w.embedded.tomcat.TomcatWebServer  : Tomcat started on port(s): 9090 (http) with context path ''
2021-07-27 11:03:10.115  INFO 19816 --- [restartedMain] c.c.t.TutorManagementSystemApplication   : Started TutorManagementSystemApplication in 0.865 seconds (JVM running for 335.699)
2021-07-27 11:03:10.117  INFO 19816 --- [restartedMain] .ConditionEvaluationDeltaLoggingListener : Condition evaluation unchanged
2021-07-27 11:03:16.799  INFO 19816 --- [http-nio-9090-exec-1] o.a.c.c.C.[Tomcat].[localhost].[/]       : Initializing Spring DispatcherServlet 'dispatcherServlet'
2021-07-27 11:03:16.800  INFO 19816 --- [http-nio-9090-exec-1] o.s.web.servlet.DispatcherServlet        : Initializing Servlet 'dispatcherServlet'
2021-07-27 11:03:16.800 DEBUG 19816 --- [http-nio-9090-exec-1] o.s.web.servlet.DispatcherServlet        : Detected StandardServletMultipartResolver
2021-07-27 11:03:16.800 DEBUG 19816 --- [http-nio-9090-exec-1] o.s.web.servlet.DispatcherServlet        : Detected AcceptHeaderLocaleResolver
2021-07-27 11:03:16.800 DEBUG 19816 --- [http-nio-9090-exec-1] o.s.web.servlet.DispatcherServlet        : Detected FixedThemeResolver
2021-07-27 11:03:16.801 DEBUG 19816 --- [http-nio-9090-exec-1] o.s.web.servlet.DispatcherServlet        : Detected org.springframework.web.servlet.view.DefaultRequestToViewNameTranslator@193fd8a6
2021-07-27 11:03:16.801 DEBUG 19816 --- [http-nio-9090-exec-1] o.s.web.servlet.DispatcherServlet        : Detected org.springframework.web.servlet.support.SessionFlashMapManager@4023a163
2021-07-27 11:03:16.801 DEBUG 19816 --- [http-nio-9090-exec-1] o.s.web.servlet.DispatcherServlet        : enableLoggingRequestDetails='false': request parameters and headers will be masked to prevent unsafe logging of potentially sensitive data
2021-07-27 11:03:16.801  INFO 19816 --- [http-nio-9090-exec-1] o.s.web.servlet.DispatcherServlet        : Completed initialization in 1 ms
2021-07-27 11:03:16.803 DEBUG 19816 --- [http-nio-9090-exec-1] s.w.s.m.m.a.RequestMappingHandlerMapping : Mapped to com.cybage.controller.UserController#getAllTechnologies(int)
2021-07-27 11:03:16.806 DEBUG 19816 --- [http-nio-9090-exec-1] o.s.web.servlet.DispatcherServlet        : GET "/user/technology/view/2", parameters={}
2021-07-27 11:03:16.807 DEBUG 19816 --- [http-nio-9090-exec-1] s.w.s.m.m.a.RequestMappingHandlerMapping : Mapped to com.cybage.controller.UserController#getAllTechnologies(int)
2021-07-27 11:03:16.813  INFO 19816 --- [http-nio-9090-exec-1] com.cybage.controller.UserController     : Inside get technologies for tutor
2021-07-27 11:03:16.815 DEBUG 19816 --- [http-nio-9090-exec-1] o.s.w.s.m.m.a.HttpEntityMethodProcessor  : Using 'application/json', given [application/json, text/plain, */*] and supported [application/json, application/*+json, application/json, application/*+json]
2021-07-27 11:03:16.815 DEBUG 19816 --- [http-nio-9090-exec-1] o.s.w.s.m.m.a.HttpEntityMethodProcessor  : Writing [[com.cybage.model.Technology@5003b021, com.cybage.model.Technology@2238ee66, com.cybage.model.Techno (truncated)...]
2021-07-27 11:03:16.818 DEBUG 19816 --- [http-nio-9090-exec-1] o.s.web.servlet.DispatcherServlet        : Completed 200 OK
2021-07-27 11:03:53.599  INFO 19816 --- [Thread-23] j.LocalContainerEntityManagerFactoryBean : Closing JPA EntityManagerFactory for persistence unit 'default'
2021-07-27 11:03:53.600  INFO 19816 --- [Thread-23] com.zaxxer.hikari.HikariDataSource       : HikariPool-6 - Shutdown initiated...
2021-07-27 11:03:53.604  INFO 19816 --- [Thread-23] com.zaxxer.hikari.HikariDataSource       : HikariPool-6 - Shutdown completed.
2021-07-27 11:03:53.709  INFO 19816 --- [restartedMain] c.c.t.TutorManagementSystemApplication   : Starting TutorManagementSystemApplication using Java 15.0.2 on eon-prajyotw with PID 19816 (C:\Users\prajyotw\Desktop\Github\G2\MAJOR-PROJECT\TutorManagementSystem\target\classes started by prajyotw in C:\Users\prajyotw\Desktop\Github\G2\MAJOR-PROJECT\TutorManagementSystem)
2021-07-27 11:03:53.709  INFO 19816 --- [restartedMain] c.c.t.TutorManagementSystemApplication   : No active profile set, falling back to default profiles: default
2021-07-27 11:03:53.885  INFO 19816 --- [restartedMain] .s.d.r.c.RepositoryConfigurationDelegate : Bootstrapping Spring Data JPA repositories in DEFAULT mode.
2021-07-27 11:03:53.900  INFO 19816 --- [restartedMain] .s.d.r.c.RepositoryConfigurationDelegate : Finished Spring Data repository scanning in 14 ms. Found 6 JPA repository interfaces.
2021-07-27 11:03:53.995  INFO 19816 --- [restartedMain] o.s.b.w.embedded.tomcat.TomcatWebServer  : Tomcat initialized with port(s): 9090 (http)
2021-07-27 11:03:53.995  INFO 19816 --- [restartedMain] o.apache.catalina.core.StandardService   : Starting service [Tomcat]
2021-07-27 11:03:53.995  INFO 19816 --- [restartedMain] org.apache.catalina.core.StandardEngine  : Starting Servlet engine: [Apache Tomcat/9.0.48]
2021-07-27 11:03:54.018  INFO 19816 --- [restartedMain] o.a.c.c.C.[Tomcat].[localhost].[/]       : Initializing Spring embedded WebApplicationContext
2021-07-27 11:03:54.018  INFO 19816 --- [restartedMain] w.s.c.ServletWebServerApplicationContext : Root WebApplicationContext: initialization completed in 305 ms
2021-07-27 11:03:54.061  INFO 19816 --- [restartedMain] o.hibernate.jpa.internal.util.LogHelper  : HHH000204: Processing PersistenceUnitInfo [name: default]
2021-07-27 11:03:54.065  INFO 19816 --- [restartedMain] com.zaxxer.hikari.HikariDataSource       : HikariPool-7 - Starting...
2021-07-27 11:03:54.068  INFO 19816 --- [restartedMain] com.zaxxer.hikari.HikariDataSource       : HikariPool-7 - Start completed.
2021-07-27 11:03:54.069  INFO 19816 --- [restartedMain] org.hibernate.dialect.Dialect            : HHH000400: Using dialect: org.hibernate.dialect.MySQL8Dialect
2021-07-27 11:03:54.186  INFO 19816 --- [restartedMain] o.h.e.t.j.p.i.JtaPlatformInitiator       : HHH000490: Using JtaPlatform implementation: [org.hibernate.engine.transaction.jta.platform.internal.NoJtaPlatform]
2021-07-27 11:03:54.186  INFO 19816 --- [restartedMain] j.LocalContainerEntityManagerFactoryBean : Initialized JPA EntityManagerFactory for persistence unit 'default'
2021-07-27 11:03:54.247  WARN 19816 --- [restartedMain] JpaBaseConfiguration$JpaWebConfiguration : spring.jpa.open-in-view is enabled by default. Therefore, database queries may be performed during view rendering. Explicitly configure spring.jpa.open-in-view to disable this warning
2021-07-27 11:03:54.417 DEBUG 19816 --- [restartedMain] s.w.s.m.m.a.RequestMappingHandlerMapping : 56 mappings in 'requestMappingHandlerMapping'
2021-07-27 11:03:54.443 DEBUG 19816 --- [restartedMain] o.s.w.s.handler.SimpleUrlHandlerMapping  : Patterns [/webjars/**, /**] in 'resourceHandlerMapping'
2021-07-27 11:03:54.450  INFO 19816 --- [restartedMain] o.s.s.web.DefaultSecurityFilterChain     : Will secure any request with [org.springframework.security.web.context.request.async.WebAsyncManagerIntegrationFilter@2fb8cf26, org.springframework.security.web.context.SecurityContextPersistenceFilter@29229ac2, org.springframework.security.web.header.HeaderWriterFilter@583a6181, org.springframework.web.filter.CorsFilter@a4dc7a7, org.springframework.security.web.authentication.logout.LogoutFilter@67a1ab3f, com.cybage.config.CustomJwtAuthenticationFilter@6f1be86, org.springframework.security.web.savedrequest.RequestCacheAwareFilter@493def98, org.springframework.security.web.servletapi.SecurityContextHolderAwareRequestFilter@4200a957, org.springframework.security.web.authentication.AnonymousAuthenticationFilter@1376c7b7, org.springframework.security.web.session.SessionManagementFilter@50090f22, org.springframework.security.web.access.ExceptionTranslationFilter@40c41761, org.springframework.security.web.access.intercept.FilterSecurityInterceptor@3d0cf282]
2021-07-27 11:03:54.460 DEBUG 19816 --- [restartedMain] s.w.s.m.m.a.RequestMappingHandlerAdapter : ControllerAdvice beans: 0 @ModelAttribute, 0 @InitBinder, 1 RequestBodyAdvice, 1 ResponseBodyAdvice
2021-07-27 11:03:54.464 DEBUG 19816 --- [restartedMain] .m.m.a.ExceptionHandlerExceptionResolver : ControllerAdvice beans: 1 @ExceptionHandler, 1 ResponseBodyAdvice
2021-07-27 11:03:54.501  INFO 19816 --- [restartedMain] o.s.b.d.a.OptionalLiveReloadServer       : LiveReload server is running on port 35729
2021-07-27 11:03:54.510  INFO 19816 --- [restartedMain] o.s.b.w.embedded.tomcat.TomcatWebServer  : Tomcat started on port(s): 9090 (http) with context path ''
2021-07-27 11:03:54.513  INFO 19816 --- [restartedMain] c.c.t.TutorManagementSystemApplication   : Started TutorManagementSystemApplication in 0.859 seconds (JVM running for 380.097)
2021-07-27 11:03:54.515  INFO 19816 --- [restartedMain] .ConditionEvaluationDeltaLoggingListener : Condition evaluation unchanged
2021-07-27 11:03:59.846  INFO 19816 --- [http-nio-9090-exec-1] o.a.c.c.C.[Tomcat].[localhost].[/]       : Initializing Spring DispatcherServlet 'dispatcherServlet'
2021-07-27 11:03:59.846  INFO 19816 --- [http-nio-9090-exec-1] o.s.web.servlet.DispatcherServlet        : Initializing Servlet 'dispatcherServlet'
2021-07-27 11:03:59.846 DEBUG 19816 --- [http-nio-9090-exec-1] o.s.web.servlet.DispatcherServlet        : Detected StandardServletMultipartResolver
2021-07-27 11:03:59.846 DEBUG 19816 --- [http-nio-9090-exec-1] o.s.web.servlet.DispatcherServlet        : Detected AcceptHeaderLocaleResolver
2021-07-27 11:03:59.846 DEBUG 19816 --- [http-nio-9090-exec-1] o.s.web.servlet.DispatcherServlet        : Detected FixedThemeResolver
2021-07-27 11:03:59.846 DEBUG 19816 --- [http-nio-9090-exec-1] o.s.web.servlet.DispatcherServlet        : Detected org.springframework.web.servlet.view.DefaultRequestToViewNameTranslator@7456c809
2021-07-27 11:03:59.847 DEBUG 19816 --- [http-nio-9090-exec-1] o.s.web.servlet.DispatcherServlet        : Detected org.springframework.web.servlet.support.SessionFlashMapManager@246aed54
2021-07-27 11:03:59.847 DEBUG 19816 --- [http-nio-9090-exec-1] o.s.web.servlet.DispatcherServlet        : enableLoggingRequestDetails='false': request parameters and headers will be masked to prevent unsafe logging of potentially sensitive data
2021-07-27 11:03:59.847  INFO 19816 --- [http-nio-9090-exec-1] o.s.web.servlet.DispatcherServlet        : Completed initialization in 1 ms
2021-07-27 11:03:59.847 DEBUG 19816 --- [http-nio-9090-exec-1] s.w.s.m.m.a.RequestMappingHandlerMapping : Mapped to com.cybage.controller.UserController#getAllTechnologies(int)
2021-07-27 11:03:59.850 DEBUG 19816 --- [http-nio-9090-exec-1] o.s.web.servlet.DispatcherServlet        : GET "/user/technology/view/2", parameters={}
2021-07-27 11:03:59.851 DEBUG 19816 --- [http-nio-9090-exec-1] s.w.s.m.m.a.RequestMappingHandlerMapping : Mapped to com.cybage.controller.UserController#getAllTechnologies(int)
2021-07-27 11:03:59.856  INFO 19816 --- [http-nio-9090-exec-1] com.cybage.controller.UserController     : Inside get technologies for tutor
2021-07-27 11:03:59.857 DEBUG 19816 --- [http-nio-9090-exec-1] o.s.w.s.m.m.a.HttpEntityMethodProcessor  : Using 'application/json', given [application/json, text/plain, */*] and supported [application/json, application/*+json, application/json, application/*+json]
2021-07-27 11:03:59.857 DEBUG 19816 --- [http-nio-9090-exec-1] o.s.w.s.m.m.a.HttpEntityMethodProcessor  : Writing [[com.cybage.model.Technology@e0afb89, com.cybage.model.Technology@55187e3b, com.cybage.model.Technol (truncated)...]
2021-07-27 11:03:59.859 DEBUG 19816 --- [http-nio-9090-exec-1] o.s.web.servlet.DispatcherServlet        : Completed 200 OK
2021-07-27 11:14:04.899  INFO 19816 --- [Thread-27] j.LocalContainerEntityManagerFactoryBean : Closing JPA EntityManagerFactory for persistence unit 'default'
2021-07-27 11:14:04.900  INFO 19816 --- [Thread-27] com.zaxxer.hikari.HikariDataSource       : HikariPool-7 - Shutdown initiated...
2021-07-27 11:14:04.902  INFO 19816 --- [Thread-27] com.zaxxer.hikari.HikariDataSource       : HikariPool-7 - Shutdown completed.
